2025-04-25 20:30:16,076 - INFO - 这是一条info日志
2025-04-25 20:30:16,076 - WARNING - 这是一条warning日志
2025-04-25 20:30:17,790 - INFO - 这是一条info日志
2025-04-25 20:30:17,790 - WARNING - 这是一条warning日志
2025-04-25 20:31:07,628 - INFO - 用户名错误
2025-04-25 20:31:19,795 - INFO - 密码错误
2025-04-25 20:32:49,469 - INFO - 用户名错误
2025-04-25 20:32:51,494 - INFO - 用户名错误
2025-04-25 20:32:51,677 - INFO - 用户名错误
2025-04-25 20:32:51,856 - INFO - 用户名错误
2025-04-25 20:32:52,020 - INFO - 用户名错误
2025-04-25 20:32:52,176 - INFO - 用户名错误
2025-04-25 20:32:52,351 - INFO - 用户名错误
2025-04-25 20:32:52,501 - INFO - 用户名错误
2025-04-25 20:32:52,675 - INFO - 用户名错误
2025-04-25 20:33:12,264 - INFO - 密码错误
2025-04-25 20:34:59,537 - INFO - 用户名错误
2025-04-25 20:35:23,743 - INFO - 用户名错误
2025-04-25 20:42:32,368 - INFO - 用户名错误
2025-04-25 20:44:07,187 - INFO - 用户名错误
2025-04-25 20:47:52,408 - INFO - 用户名错误
2025-04-25 20:47:57,700 - INFO - 用户名错误
2025-04-25 20:48:05,193 - INFO - 用户名错误
2025-04-25 20:48:05,403 - INFO - 用户名错误
2025-04-25 20:48:05,572 - INFO - 用户名错误
2025-04-25 20:48:05,769 - INFO - 用户名错误
2025-04-25 20:48:05,932 - INFO - 用户名错误
2025-04-25 20:48:06,090 - INFO - 用户名错误
2025-04-25 20:50:14,927 - INFO - 用户名错误
2025-04-25 20:50:39,301 - INFO - 密码错误
2025-04-25 20:51:18,653 - INFO - 密码错误
2025-04-25 20:51:37,043 - INFO - 密码错误
2025-04-25 20:51:54,758 - INFO - 登录成功
2025-04-25 20:54:31,408 - INFO - 用户名错误
2025-04-25 20:54:55,950 - INFO - 登录成功
2025-04-25 20:58:22,571 - INFO - 用户名错误
2025-04-25 20:58:33,575 - INFO - 登录成功
2025-04-25 20:58:36,923 - INFO - 登录成功
2025-04-25 20:58:54,326 - INFO - 登录成功
2025-04-25 21:00:35,553 - INFO - 用户名错误
2025-04-25 21:02:38,890 - INFO - 用户名错误
2025-04-25 21:02:48,423 - INFO - 用户名错误
2025-04-25 21:05:31,968 - INFO - 用户名错误
2025-04-25 21:05:39,999 - INFO - 密码错误
2025-04-25 21:05:48,410 - INFO - 登录成功
2025-04-25 21:09:22,767 - INFO - 用户名错误
2025-04-25 21:09:28,796 - INFO - 登录成功
2025-04-25 22:58:19,699 - INFO - 用户名错误
2025-04-25 22:58:50,939 - INFO - 登录成功
2025-04-25 23:13:50,375 - INFO - 用户名错误
2025-04-25 23:14:03,036 - INFO - 登录成功
2025-04-25 23:21:17,762 - INFO - 登录成功
2025-04-25 23:33:29,521 - INFO - 登录成功
2025-04-25 23:34:16,181 - INFO - 登录成功
2025-04-26 09:50:29,552 - INFO - 用户名错误
2025-04-26 09:50:33,008 - INFO - 登录成功
2025-04-26 11:51:27,105 - INFO - 用户名和姓名不匹配
2025-04-26 12:00:42,804 - INFO - 用户未找到
2025-04-26 12:00:48,063 - INFO - 用户名和姓名不匹配
2025-04-26 12:00:59,841 - INFO - 用户未找到
2025-04-26 12:01:11,712 - INFO - 用户删除成功
2025-04-26 12:33:02,334 - INFO - 登录成功
2025-04-26 12:35:10,355 - INFO - 登录成功
2025-04-26 22:41:44,229 - INFO - 登录成功
2025-04-27 10:41:45,791 - INFO - 登录成功
2025-05-07 08:27:28 - INFO - 登录成功
2025-05-07 08:43:08 - INFO - 登录成功
2025-05-07 09:07:47 - INFO - 登录成功
2025-05-07 09:47:02 - INFO - 密码错误
2025-05-07 09:47:05 - INFO - 登录成功
2025-05-07 09:47:18 - INFO - 登录成功
2025-05-07 10:24:53 - INFO - 密码错误
2025-05-07 10:24:57 - INFO - 登录成功
2025-05-07 11:16:36 - INFO - 密码错误
2025-05-07 11:18:01 - INFO - 登录成功
2025-05-07 11:18:25 - INFO - 密码错误
2025-05-07 11:18:28 - INFO - 登录成功
2025-05-07 11:21:51 - INFO - 登录成功
2025-05-07 11:30:18 - INFO - 当前用户：，添加人员成功，用户名：li
2025-05-07 11:38:23 - INFO - 当前用户：lisi，添加人员成功，用户名：ha
2025-05-07 11:41:54 - INFO - 用户名和姓名不匹配
2025-05-07 11:42:02 - INFO - 用户未找到
2025-05-07 11:42:06 - INFO - 当前用户：lisi, 删除人员成功, 用户名：li, 姓名：李
2025-05-07 12:36:55 - INFO - 当前用户：lisi，新建项目成功，项目名称：杭州高速公路3
2025-05-07 12:37:20 - INFO - 当前用户：lisi，新建项目成功，项目名称：杭州高速公路4
2025-05-07 12:40:21 - INFO - 当前用户：lisi，新建项目成功，项目名称：杭州高速公路5
2025-05-07 14:12:02 - INFO - 登录成功
2025-05-07 16:15:39 - INFO - 当前用户：, 添加周报, 项目名称：('上海养路站',), 年份：2025, 月份：5, 周数：2
2025-05-07 16:18:08 - INFO - 当前用户：lisi, 添加周报, 项目名称：('京杭高速公路收费站',), 年份：2025, 月份：3, 周数：4
2025-05-07 16:38:27 - INFO - 当前用户：lisi, 删除周报, 年份：2025, 月份：3, 周数：4
2025-05-07 16:39:18 - INFO - 当前用户：lisi, 添加周报, 项目名称：('京杭高速公路收费站',), 年份：2025, 月份：5, 周数：1
2025-05-07 16:39:30 - INFO - 当前用户：lisi, 删除周报, 年份：2025, 月份：5, 周数：1
2025-05-07 16:40:17 - INFO - 当前用户：lisi, 添加周报, 项目名称：('京杭高速公路收费站',), 年份：2025, 月份：5, 周数：1
2025-05-07 16:40:29 - INFO - 当前用户：lisi, 删除周报, 年份：2025, 月份：5, 周数：1
2025-05-07 16:40:44 - INFO - 当前用户：lisi, 删除周报, 年份：2025, 月份：5, 周数：1
2025-05-07 16:41:21 - INFO - 当前用户：lisi, 添加周报, 项目名称：('京杭高速公路收费站',), 年份：2025, 月份：5, 周数：1
2025-05-07 16:41:32 - INFO - 当前用户：lisi, 删除周报, 年份：2025, 月份：5, 周数：1
2025-05-07 16:42:15 - INFO - 当前用户：lisi, 添加周报, 项目名称：('京杭高速公路收费站',), 年份：2025, 月份：5, 周数：1
2025-05-07 16:42:31 - INFO - 当前用户：lisi, 添加周报, 项目名称：('京杭高速公路收费站',), 年份：2025, 月份：5, 周数：1
2025-05-07 16:44:07 - INFO - 当前用户：lisi, 删除周报, 年份：2025, 月份：5, 周数：1
2025-05-07 16:48:05 - INFO - 当前用户：lisi, 添加周报, 项目名称：('京杭高速公路收费站',), 年份：2024, 月份：1, 周数：1
2025-05-07 16:48:13 - INFO - 当前用户：lisi, 删除周报, 项目名称：京杭高速公路收费站, 年份：2024, 月份：1, 周数：1
2025-05-07 16:50:15 - INFO - 当前用户：lisi, 添加周报, 项目名称：京杭高速公路收费站, 年份：2024, 月份：1, 周数：1
2025-05-07 16:50:49 - INFO - 密码错误
2025-05-07 16:50:51 - INFO - 登录成功
2025-05-07 16:51:19 - INFO - 当前用户：wangwu, 添加周报, 项目名称：京杭高速公路收费站, 年份：2024, 月份：2, 周数：1
2025-05-07 17:06:43 - INFO - 当前用户：wangwu, 添加周报, 项目名称：杭州养路站, 年份：2025, 月份：1, 周数：1
2025-05-07 17:16:49 - INFO - 用户名和姓名不匹配
2025-05-07 17:16:53 - INFO - 当前用户：wangwu, 删除人员成功, 用户名：guoqin, 姓名：郭勤
2025-05-07 18:18:29 - INFO - 登录成功
2025-05-07 19:20:53 - INFO - 登录成功
2025-05-07 19:20:58 - INFO - 登录成功
2025-05-07 19:23:33 - INFO - 登录成功
2025-05-07 19:24:09 - INFO - 登录成功
2025-05-07 19:24:49 - INFO - 密码错误
2025-05-07 19:25:19 - INFO - 登录成功
2025-05-07 19:27:12 - INFO - 当前用户：lisi, 添加周报, 项目名称：京杭高速公路收费站, 年份：2025, 月份：5, 周数：1
2025-05-07 19:27:20 - INFO - 当前用户：lisi, 删除周报, 项目名称：京杭高速公路收费站, 年份：2025, 月份：4, 周数：2
2025-05-07 19:28:09 - INFO - 当前用户：lisi，添加人员成功，用户名：zhang, 姓名：长
2025-05-07 19:28:36 - INFO - 当前用户：lisi, 删除人员成功, 用户名：ha, 姓名：哈
2025-05-07 19:29:48 - INFO - 当前用户：lisi，新建项目成功，项目名称：北京高速公路维修项目
2025-05-07 19:41:53 - INFO - 密码错误
2025-05-07 19:41:56 - INFO - 密码错误
2025-05-07 19:41:58 - INFO - 登录成功
2025-05-07 19:42:24 - INFO - 当前用户：lisi，新建项目成功，项目名称：杭州高速公路22
2025-06-24 22:56:00 - INFO - 登录成功
2025-06-24 22:56:38 - INFO - 登录成功
